2024-10-10T21:13:35.795+05:30  INFO 724 --- [api-gateway] [restartedMain] flat.api_gateway.ApiGatewayApplication   : Starting ApiGatewayApplication using Java 21.0.4 with PID 724 (D:\Projects\Tenants Application\api-gateway\target\classes started by Agrim in D:\Projects\Tenants Application\api-gateway)
2024-10-10T21:13:35.814+05:30  INFO 724 --- [api-gateway] [restartedMain] flat.api_gateway.ApiGatewayApplication   : No active profile set, falling back to 1 default profile: "default"
2024-10-10T21:13:36.020+05:30  INFO 724 --- [api-gateway] [restartedMain] .e.DevToolsPropertyDefaultsPostProcessor : Devtools property defaults active! Set 'spring.devtools.add-properties' to 'false' to disable
2024-10-10T21:13:36.021+05:30  INFO 724 --- [api-gateway] [restartedMain] .e.DevToolsPropertyDefaultsPostProcessor : For additional web related logging consider setting the 'logging.level.web' property to 'DEBUG'
2024-10-10T21:13:40.238+05:30  INFO 724 --- [api-gateway] [restartedMain] o.s.cloud.context.scope.GenericScope     : BeanFactory id=070a361f-066a-3b02-8a53-d875935924fc
2024-10-10T21:13:40.561+05:30  WARN 724 --- [api-gateway] [restartedMain] trationDelegate$BeanPostProcessorChecker : Bean 'org.springframework.cloud.client.loadbalancer.LoadBalancerAutoConfiguration$DeferringLoadBalancerInterceptorConfig' of type [org.springframework.cloud.client.loadbalancer.LoadBalancerAutoConfiguration$DeferringLoadBalancerInterceptorConfig] is not eligible for getting processed by all BeanPostProcessors (for example: not eligible for auto-proxying). The currently created BeanPostProcessor [lbRestClientPostProcessor] is declared through a non-static factory method on that class; consider declaring it as static instead.
2024-10-10T21:13:40.571+05:30  WARN 724 --- [api-gateway] [restartedMain] trationDelegate$BeanPostProcessorChecker : Bean 'deferringLoadBalancerInterceptor' of type [org.springframework.cloud.client.loadbalancer.DeferringLoadBalancerInterceptor] is not eligible for getting processed by all BeanPostProcessors (for example: not eligible for auto-proxying). Is this bean getting eagerly injected into a currently created BeanPostProcessor [lbRestClientPostProcessor]? Check the corresponding BeanPostProcessor declaration and its dependencies.
2024-10-10T21:13:40.579+05:30  WARN 724 --- [api-gateway] [restartedMain] trationDelegate$BeanPostProcessorChecker : Bean 'org.springframework.cloud.client.loadbalancer.reactive.LoadBalancerBeanPostProcessorAutoConfiguration' of type [org.springframework.cloud.client.loadbalancer.reactive.LoadBalancerBeanPostProcessorAutoConfiguration] is not eligible for getting processed by all BeanPostProcessors (for example: not eligible for auto-proxying). The currently created BeanPostProcessor [loadBalancerWebClientBuilderBeanPostProcessor] is declared through a non-static factory method on that class; consider declaring it as static instead.
2024-10-10T21:13:40.583+05:30  WARN 724 --- [api-gateway] [restartedMain] trationDelegate$BeanPostProcessorChecker : Bean 'org.springframework.cloud.client.loadbalancer.reactive.LoadBalancerBeanPostProcessorAutoConfiguration$ReactorDeferringLoadBalancerFilterConfig' of type [org.springframework.cloud.client.loadbalancer.reactive.LoadBalancerBeanPostProcessorAutoConfiguration$ReactorDeferringLoadBalancerFilterConfig] is not eligible for getting processed by all BeanPostProcessors (for example: not eligible for auto-proxying). Is this bean getting eagerly injected into a currently created BeanPostProcessor [loadBalancerWebClientBuilderBeanPostProcessor]? Check the corresponding BeanPostProcessor declaration and its dependencies.
2024-10-10T21:13:40.586+05:30  WARN 724 --- [api-gateway] [restartedMain] trationDelegate$BeanPostProcessorChecker : Bean 'reactorDeferringLoadBalancerExchangeFilterFunction' of type [org.springframework.cloud.client.loadbalancer.reactive.DeferringLoadBalancerExchangeFilterFunction] is not eligible for getting processed by all BeanPostProcessors (for example: not eligible for auto-proxying). Is this bean getting eagerly injected into a currently created BeanPostProcessor [loadBalancerWebClientBuilderBeanPostProcessor]? Check the corresponding BeanPostProcessor declaration and its dependencies.
2024-10-10T21:13:43.496+05:30 DEBUG 724 --- [api-gateway] [restartedMain] o.s.c.gateway.config.GatewayProperties   : Routes supplied from Gateway Properties: [RouteDefinition{id='tenant-service', predicates=[PredicateDefinition{name='path', args={_genkey_0=/tenant/**}}], filters=[], uri=lb://tenant-service, order=0, metadata={}}, RouteDefinition{id='individual-expense-service', predicates=[PredicateDefinition{name='path', args={_genkey_0=/individual/expense/**}}], filters=[], uri=lb://individual-expense-service, order=0, metadata={}}, RouteDefinition{id='expense-service', predicates=[PredicateDefinition{name='path', args={_genkey_0=/expense/**}}], filters=[], uri=lb://expense-service, order=0, metadata={}}]
2024-10-10T21:13:43.777+05:30  INFO 724 --- [api-gateway] [restartedMain] o.s.c.g.r.RouteDefinitionRouteLocator    : Loaded RoutePredicateFactory [After]
2024-10-10T21:13:43.778+05:30  INFO 724 --- [api-gateway] [restartedMain] o.s.c.g.r.RouteDefinitionRouteLocator    : Loaded RoutePredicateFactory [Before]
2024-10-10T21:13:43.779+05:30  INFO 724 --- [api-gateway] [restartedMain] o.s.c.g.r.RouteDefinitionRouteLocator    : Loaded RoutePredicateFactory [Between]
2024-10-10T21:13:43.782+05:30  INFO 724 --- [api-gateway] [restartedMain] o.s.c.g.r.RouteDefinitionRouteLocator    : Loaded RoutePredicateFactory [Cookie]
2024-10-10T21:13:43.783+05:30  INFO 724 --- [api-gateway] [restartedMain] o.s.c.g.r.RouteDefinitionRouteLocator    : Loaded RoutePredicateFactory [Header]
2024-10-10T21:13:43.785+05:30  INFO 724 --- [api-gateway] [restartedMain] o.s.c.g.r.RouteDefinitionRouteLocator    : Loaded RoutePredicateFactory [Host]
2024-10-10T21:13:43.785+05:30  INFO 724 --- [api-gateway] [restartedMain] o.s.c.g.r.RouteDefinitionRouteLocator    : Loaded RoutePredicateFactory [Method]
2024-10-10T21:13:43.786+05:30  INFO 724 --- [api-gateway] [restartedMain] o.s.c.g.r.RouteDefinitionRouteLocator    : Loaded RoutePredicateFactory [Path]
2024-10-10T21:13:43.786+05:30  INFO 724 --- [api-gateway] [restartedMain] o.s.c.g.r.RouteDefinitionRouteLocator    : Loaded RoutePredicateFactory [Query]
2024-10-10T21:13:43.786+05:30  INFO 724 --- [api-gateway] [restartedMain] o.s.c.g.r.RouteDefinitionRouteLocator    : Loaded RoutePredicateFactory [ReadBody]
2024-10-10T21:13:43.787+05:30  INFO 724 --- [api-gateway] [restartedMain] o.s.c.g.r.RouteDefinitionRouteLocator    : Loaded RoutePredicateFactory [RemoteAddr]
2024-10-10T21:13:43.792+05:30  INFO 724 --- [api-gateway] [restartedMain] o.s.c.g.r.RouteDefinitionRouteLocator    : Loaded RoutePredicateFactory [XForwardedRemoteAddr]
2024-10-10T21:13:43.793+05:30  INFO 724 --- [api-gateway] [restartedMain] o.s.c.g.r.RouteDefinitionRouteLocator    : Loaded RoutePredicateFactory [Weight]
2024-10-10T21:13:43.794+05:30  INFO 724 --- [api-gateway] [restartedMain] o.s.c.g.r.RouteDefinitionRouteLocator    : Loaded RoutePredicateFactory [CloudFoundryRouteService]
2024-10-10T21:13:44.054+05:30 DEBUG 724 --- [api-gateway] [restartedMain] o.s.w.r.handler.SimpleUrlHandlerMapping  : Patterns [/webjars/**, /**] in 'resourceHandlerMapping'
2024-10-10T21:13:44.499+05:30 DEBUG 724 --- [api-gateway] [restartedMain] o.s.w.r.r.m.a.ControllerMethodResolver   : ControllerAdvice beans: none
2024-10-10T21:13:44.567+05:30 DEBUG 724 --- [api-gateway] [restartedMain] o.s.w.s.adapter.HttpWebHandlerAdapter    : enableLoggingRequestDetails='false': form data and headers will be masked to prevent unsafe logging of potentially sensitive data
2024-10-10T21:13:44.836+05:30  WARN 724 --- [api-gateway] [restartedMain] o.s.b.d.a.OptionalLiveReloadServer       : Unable to start LiveReload server
2024-10-10T21:13:44.882+05:30 DEBUG 724 --- [api-gateway] [restartedMain] .n.e.m.DefaultManagementMetadataProvider : Constructed eureka meta-data healthcheckUrl: http://DESKTOP-TKCJKN0.domain.name:8080/actuator/health
2024-10-10T21:13:44.883+05:30 DEBUG 724 --- [api-gateway] [restartedMain] .n.e.m.DefaultManagementMetadataProvider : Constructed eureka meta-data statusPageUrl: http://DESKTOP-TKCJKN0.domain.name:8080/actuator/info
2024-10-10T21:13:44.957+05:30  INFO 724 --- [api-gateway] [restartedMain] DiscoveryClientOptionalArgsConfiguration : Eureka HTTP Client uses RestTemplate.
2024-10-10T21:13:45.043+05:30  WARN 724 --- [api-gateway] [restartedMain] iguration$LoadBalancerCaffeineWarnLogger : Spring Cloud LoadBalancer is currently working with the default cache. While this cache implementation is useful for development and tests, it's recommended to use Caffeine cache in production.You can switch to using Caffeine cache, by adding it and org.springframework.cache.caffeine.CaffeineCacheManager to the classpath.
2024-10-10T21:13:45.173+05:30  INFO 724 --- [api-gateway] [restartedMain] o.s.c.n.eureka.InstanceInfoFactory       : Setting initial instance status as: STARTING
2024-10-10T21:13:45.255+05:30  INFO 724 --- [api-gateway] [restartedMain] com.netflix.discovery.DiscoveryClient    : Initializing Eureka in region us-east-1
2024-10-10T21:13:45.273+05:30  INFO 724 --- [api-gateway] [restartedMain] c.n.d.s.r.aws.ConfigClusterResolver      : Resolving eureka endpoints via configuration
2024-10-10T21:13:45.311+05:30  INFO 724 --- [api-gateway] [restartedMain] com.netflix.discovery.DiscoveryClient    : Disable delta property : false
2024-10-10T21:13:45.313+05:30  INFO 724 --- [api-gateway] [restartedMain] com.netflix.discovery.DiscoveryClient    : Single vip registry refresh property : null
2024-10-10T21:13:45.313+05:30  INFO 724 --- [api-gateway] [restartedMain] com.netflix.discovery.DiscoveryClient    : Force full registry fetch : false
2024-10-10T21:13:45.313+05:30  INFO 724 --- [api-gateway] [restartedMain] com.netflix.discovery.DiscoveryClient    : Application is null : false
2024-10-10T21:13:45.314+05:30  INFO 724 --- [api-gateway] [restartedMain] com.netflix.discovery.DiscoveryClient    : Registered Applications size is zero : true
2024-10-10T21:13:45.317+05:30  INFO 724 --- [api-gateway] [restartedMain] com.netflix.discovery.DiscoveryClient    : Application version is -1: true
2024-10-10T21:13:45.319+05:30  INFO 724 --- [api-gateway] [restartedMain] com.netflix.discovery.DiscoveryClient    : Getting all instance registry info from the eureka server
2024-10-10T21:13:45.969+05:30 DEBUG 724 --- [api-gateway] [restartedMain] o.s.web.client.RestTemplate              : HTTP GET http://localhost:8761/eureka/apps/
2024-10-10T21:13:46.248+05:30 DEBUG 724 --- [api-gateway] [restartedMain] o.s.web.client.RestTemplate              : Accept=[application/json, application/*+json]
2024-10-10T21:13:46.353+05:30 DEBUG 724 --- [api-gateway] [restartedMain] o.s.web.client.RestTemplate              : Response 200 OK
2024-10-10T21:13:46.359+05:30 DEBUG 724 --- [api-gateway] [restartedMain] o.s.web.client.RestTemplate              : Reading to [org.springframework.cloud.netflix.eureka.http.EurekaApplications]
2024-10-10T21:13:46.440+05:30  INFO 724 --- [api-gateway] [restartedMain] com.netflix.discovery.DiscoveryClient    : The response status is 200
2024-10-10T21:13:46.443+05:30  INFO 724 --- [api-gateway] [restartedMain] com.netflix.discovery.DiscoveryClient    : Starting heartbeat executor: renew interval is: 30
2024-10-10T21:13:46.465+05:30  INFO 724 --- [api-gateway] [restartedMain] c.n.discovery.InstanceInfoReplicator     : InstanceInfoReplicator onDemand update allowed rate per min is 4
2024-10-10T21:13:46.470+05:30  INFO 724 --- [api-gateway] [restartedMain] com.netflix.discovery.DiscoveryClient    : Discovery Client initialized at timestamp 1728575026468 with initial instances count: 3
2024-10-10T21:13:46.477+05:30  INFO 724 --- [api-gateway] [restartedMain] o.s.c.n.e.s.EurekaServiceRegistry        : Registering application API-GATEWAY with eureka with status UP
2024-10-10T21:13:46.479+05:30  INFO 724 --- [api-gateway] [restartedMain] com.netflix.discovery.DiscoveryClient    : Saw local status change event StatusChangeEvent [timestamp=1728575026479, current=UP, previous=STARTING]
2024-10-10T21:13:46.490+05:30  INFO 724 --- [api-gateway] [DiscoveryClient-InstanceInfoReplicator-%d] com.netflix.discovery.DiscoveryClient    : DiscoveryClient_API-GATEWAY/DESKTOP-TKCJKN0.domain.name:api-gateway:8080: registering service...
2024-10-10T21:13:46.499+05:30 DEBUG 724 --- [api-gateway] [DiscoveryClient-InstanceInfoReplicator-%d] o.s.web.client.RestTemplate              : HTTP POST http://localhost:8761/eureka/apps/API-GATEWAY
2024-10-10T21:13:46.504+05:30 DEBUG 724 --- [api-gateway] [DiscoveryClient-InstanceInfoReplicator-%d] o.s.web.client.RestTemplate              : Accept=[application/json, application/*+json]
2024-10-10T21:13:46.537+05:30 DEBUG 724 --- [api-gateway] [DiscoveryClient-InstanceInfoReplicator-%d] o.s.web.client.RestTemplate              : Writing [InstanceInfo [instanceId = DESKTOP-TKCJKN0.domain.name:api-gateway:8080, appName = API-GATEWAY, hostName = DESKTOP-TKCJKN0.domain.name, status = UP, ipAddr = 192.168.1.9, port = 8080, securePort = 443, dataCenterInfo = com.netflix.appinfo.MyDataCenterInfo@2077af6] as "application/json"
2024-10-10T21:13:46.577+05:30 DEBUG 724 --- [api-gateway] [DiscoveryClient-InstanceInfoReplicator-%d] o.s.web.client.RestTemplate              : Response 204 NO_CONTENT
2024-10-10T21:13:46.578+05:30  INFO 724 --- [api-gateway] [DiscoveryClient-InstanceInfoReplicator-%d] com.netflix.discovery.DiscoveryClient    : DiscoveryClient_API-GATEWAY/DESKTOP-TKCJKN0.domain.name:api-gateway:8080 - registration status: 204
2024-10-10T21:13:46.622+05:30 DEBUG 724 --- [api-gateway] [restartedMain] o.s.c.g.r.RouteDefinitionRouteLocator    : RouteDefinition ReactiveCompositeDiscoveryClient_INDIVIDUAL-EXPENSE-SERVICE applying {pattern=/individual-expense-service/**} to Path
2024-10-10T21:13:46.764+05:30 DEBUG 724 --- [api-gateway] [restartedMain] o.s.c.g.r.RouteDefinitionRouteLocator    : RouteDefinition ReactiveCompositeDiscoveryClient_INDIVIDUAL-EXPENSE-SERVICE applying filter {regexp=/individual-expense-service/?(?<remaining>.*), replacement=/${remaining}} to RewritePath
2024-10-10T21:13:46.827+05:30 DEBUG 724 --- [api-gateway] [restartedMain] o.s.c.g.r.RouteDefinitionRouteLocator    : RouteDefinition matched: ReactiveCompositeDiscoveryClient_INDIVIDUAL-EXPENSE-SERVICE
2024-10-10T21:13:46.831+05:30 DEBUG 724 --- [api-gateway] [restartedMain] o.s.c.g.r.RouteDefinitionRouteLocator    : RouteDefinition ReactiveCompositeDiscoveryClient_TENANT-SERVICE applying {pattern=/tenant-service/**} to Path
2024-10-10T21:13:46.841+05:30 DEBUG 724 --- [api-gateway] [restartedMain] o.s.c.g.r.RouteDefinitionRouteLocator    : RouteDefinition ReactiveCompositeDiscoveryClient_TENANT-SERVICE applying filter {regexp=/tenant-service/?(?<remaining>.*), replacement=/${remaining}} to RewritePath
2024-10-10T21:13:46.847+05:30 DEBUG 724 --- [api-gateway] [restartedMain] o.s.c.g.r.RouteDefinitionRouteLocator    : RouteDefinition matched: ReactiveCompositeDiscoveryClient_TENANT-SERVICE
2024-10-10T21:13:46.849+05:30 DEBUG 724 --- [api-gateway] [restartedMain] o.s.c.g.r.RouteDefinitionRouteLocator    : RouteDefinition ReactiveCompositeDiscoveryClient_EXPENSE-SERVICE applying {pattern=/expense-service/**} to Path
2024-10-10T21:13:46.853+05:30 DEBUG 724 --- [api-gateway] [restartedMain] o.s.c.g.r.RouteDefinitionRouteLocator    : RouteDefinition ReactiveCompositeDiscoveryClient_EXPENSE-SERVICE applying filter {regexp=/expense-service/?(?<remaining>.*), replacement=/${remaining}} to RewritePath
2024-10-10T21:13:46.857+05:30 DEBUG 724 --- [api-gateway] [restartedMain] o.s.c.g.r.RouteDefinitionRouteLocator    : RouteDefinition matched: ReactiveCompositeDiscoveryClient_EXPENSE-SERVICE
2024-10-10T21:13:46.868+05:30 ERROR 724 --- [api-gateway] [restartedMain] o.s.c.gateway.route.CachingRouteLocator  : Refresh routes error !!!

java.lang.IllegalArgumentException: Unable to find RoutePredicateFactory with name path
	at org.springframework.cloud.gateway.route.RouteDefinitionRouteLocator.lookup(RouteDefinitionRouteLocator.java:219) ~[spring-cloud-gateway-server-4.1.5.jar:4.1.5]
	at org.springframework.cloud.gateway.route.RouteDefinitionRouteLocator.combinePredicates(RouteDefinitionRouteLocator.java:205) ~[spring-cloud-gateway-server-4.1.5.jar:4.1.5]
	at org.springframework.cloud.gateway.route.RouteDefinitionRouteLocator.convertToRoute(RouteDefinitionRouteLocator.java:131) ~[spring-cloud-gateway-server-4.1.5.jar:4.1.5]
	at reactor.core.publisher.FluxMap$MapSubscriber.onNext(FluxMap.java:106) ~[reactor-core-3.6.10.jar:3.6.10]
	at reactor.core.publisher.FluxFlatMap$FlatMapMain.tryEmitScalar(FluxFlatMap.java:492) ~[reactor-core-3.6.10.jar:3.6.10]
	at reactor.core.publisher.FluxFlatMap$FlatMapMain.onNext(FluxFlatMap.java:424) ~[reactor-core-3.6.10.jar:3.6.10]
	at reactor.core.publisher.FluxMergeSequential$MergeSequentialMain.drain(FluxMergeSequential.java:439) ~[reactor-core-3.6.10.jar:3.6.10]
	at reactor.core.publisher.FluxMergeSequential$MergeSequentialMain.innerComplete(FluxMergeSequential.java:335) ~[reactor-core-3.6.10.jar:3.6.10]
	at reactor.core.publisher.FluxMergeSequential$MergeSequentialInner.onSubscribe(FluxMergeSequential.java:559) ~[reactor-core-3.6.10.jar:3.6.10]
	at reactor.core.publisher.FluxIterable.subscribe(FluxIterable.java:201) ~[reactor-core-3.6.10.jar:3.6.10]
	at reactor.core.publisher.FluxIterable.subscribe(FluxIterable.java:83) ~[reactor-core-3.6.10.jar:3.6.10]
	at reactor.core.publisher.Flux.subscribe(Flux.java:8848) ~[reactor-core-3.6.10.jar:3.6.10]
	at reactor.core.publisher.FluxMergeSequential$MergeSequentialMain.onNext(FluxMergeSequential.java:237) ~[reactor-core-3.6.10.jar:3.6.10]
	at reactor.core.publisher.FluxIterable$IterableSubscription.slowPath(FluxIterable.java:335) ~[reactor-core-3.6.10.jar:3.6.10]
	at reactor.core.publisher.FluxIterable$IterableSubscription.request(FluxIterable.java:294) ~[reactor-core-3.6.10.jar:3.6.10]
	at reactor.core.publisher.FluxMergeSequential$MergeSequentialMain.onSubscribe(FluxMergeSequential.java:198) ~[reactor-core-3.6.10.jar:3.6.10]
	at reactor.core.publisher.FluxIterable.subscribe(FluxIterable.java:201) ~[reactor-core-3.6.10.jar:3.6.10]
	at reactor.core.publisher.FluxIterable.subscribe(FluxIterable.java:83) ~[reactor-core-3.6.10.jar:3.6.10]
	at reactor.core.publisher.Flux.subscribe(Flux.java:8848) ~[reactor-core-3.6.10.jar:3.6.10]
	at reactor.core.publisher.FluxMergeSequential$MergeSequentialMain.onNext(FluxMergeSequential.java:237) ~[reactor-core-3.6.10.jar:3.6.10]
	at reactor.core.publisher.FluxIterable$IterableSubscription.slowPath(FluxIterable.java:335) ~[reactor-core-3.6.10.jar:3.6.10]
	at reactor.core.publisher.FluxIterable$IterableSubscription.request(FluxIterable.java:294) ~[reactor-core-3.6.10.jar:3.6.10]
	at reactor.core.publisher.FluxMergeSequential$MergeSequentialMain.onSubscribe(FluxMergeSequential.java:198) ~[reactor-core-3.6.10.jar:3.6.10]
	at reactor.core.publisher.FluxIterable.subscribe(FluxIterable.java:201) ~[reactor-core-3.6.10.jar:3.6.10]
	at reactor.core.publisher.FluxIterable.subscribe(FluxIterable.java:83) ~[reactor-core-3.6.10.jar:3.6.10]
	at reactor.core.publisher.Mono.subscribe(Mono.java:4576) ~[reactor-core-3.6.10.jar:3.6.10]
	at reactor.core.publisher.Mono.subscribeWith(Mono.java:4642) ~[reactor-core-3.6.10.jar:3.6.10]
	at reactor.core.publisher.Mono.subscribe(Mono.java:4542) ~[reactor-core-3.6.10.jar:3.6.10]
	at reactor.core.publisher.Mono.subscribe(Mono.java:4478) ~[reactor-core-3.6.10.jar:3.6.10]
	at reactor.core.publisher.Mono.subscribe(Mono.java:4450) ~[reactor-core-3.6.10.jar:3.6.10]
	at org.springframework.cloud.gateway.route.CachingRouteLocator.onApplicationEvent(CachingRouteLocator.java:98) ~[spring-cloud-gateway-server-4.1.5.jar:4.1.5]
	at org.springframework.cloud.gateway.route.CachingRouteLocator.onApplicationEvent(CachingRouteLocator.java:42) ~[spring-cloud-gateway-server-4.1.5.jar:4.1.5]
	at org.springframework.context.event.SimpleApplicationEventMulticaster.doInvokeListener(SimpleApplicationEventMulticaster.java:185) ~[spring-context-6.1.13.jar:6.1.13]
	at org.springframework.context.event.SimpleApplicationEventMulticaster.invokeListener(SimpleApplicationEventMulticaster.java:178) ~[spring-context-6.1.13.jar:6.1.13]
	at org.springframework.context.event.SimpleApplicationEventMulticaster.multicastEvent(SimpleApplicationEventMulticaster.java:156) ~[spring-context-6.1.13.jar:6.1.13]
	at org.springframework.context.support.AbstractApplicationContext.publishEvent(AbstractApplicationContext.java:452) ~[spring-context-6.1.13.jar:6.1.13]
	at org.springframework.context.support.AbstractApplicationContext.publishEvent(AbstractApplicationContext.java:385) ~[spring-context-6.1.13.jar:6.1.13]
	at org.springframework.cloud.gateway.route.RouteRefreshListener.reset(RouteRefreshListener.java:73) ~[spring-cloud-gateway-server-4.1.5.jar:4.1.5]
	at org.springframework.cloud.gateway.route.RouteRefreshListener.onApplicationEvent(RouteRefreshListener.java:54) ~[spring-cloud-gateway-server-4.1.5.jar:4.1.5]
	at org.springframework.context.event.SimpleApplicationEventMulticaster.doInvokeListener(SimpleApplicationEventMulticaster.java:185) ~[spring-context-6.1.13.jar:6.1.13]
	at org.springframework.context.event.SimpleApplicationEventMulticaster.invokeListener(SimpleApplicationEventMulticaster.java:178) ~[spring-context-6.1.13.jar:6.1.13]
	at org.springframework.context.event.SimpleApplicationEventMulticaster.multicastEvent(SimpleApplicationEventMulticaster.java:156) ~[spring-context-6.1.13.jar:6.1.13]
	at org.springframework.context.support.AbstractApplicationContext.publishEvent(AbstractApplicationContext.java:452) ~[spring-context-6.1.13.jar:6.1.13]
	at org.springframework.context.support.AbstractApplicationContext.publishEvent(AbstractApplicationContext.java:385) ~[spring-context-6.1.13.jar:6.1.13]
	at org.springframework.cloud.netflix.eureka.serviceregistry.EurekaAutoServiceRegistration.start(EurekaAutoServiceRegistration.java:91) ~[spring-cloud-netflix-eureka-client-4.1.3.jar:4.1.3]
	at org.springframework.context.support.DefaultLifecycleProcessor.doStart(DefaultLifecycleProcessor.java:285) ~[spring-context-6.1.13.jar:6.1.13]
	at org.springframework.context.support.DefaultLifecycleProcessor$LifecycleGroup.start(DefaultLifecycleProcessor.java:472) ~[spring-context-6.1.13.jar:6.1.13]
	at java.base/java.lang.Iterable.forEach(Iterable.java:75) ~[na:na]
	at org.springframework.context.support.DefaultLifecycleProcessor.startBeans(DefaultLifecycleProcessor.java:257) ~[spring-context-6.1.13.jar:6.1.13]
	at org.springframework.context.support.DefaultLifecycleProcessor.onRefresh(DefaultLifecycleProcessor.java:202) ~[spring-context-6.1.13.jar:6.1.13]
	at org.springframework.context.support.AbstractApplicationContext.finishRefresh(AbstractApplicationContext.java:990) ~[spring-context-6.1.13.jar:6.1.13]
	at org.springframework.context.support.AbstractApplicationContext.refresh(AbstractApplicationContext.java:628) ~[spring-context-6.1.13.jar:6.1.13]
	at org.springframework.boot.web.reactive.context.ReactiveWebServerApplicationContext.refresh(ReactiveWebServerApplicationContext.java:66) ~[spring-boot-3.3.4.jar:3.3.4]
	at org.springframework.boot.SpringApplication.refresh(SpringApplication.java:754) ~[spring-boot-3.3.4.jar:3.3.4]
	at org.springframework.boot.SpringApplication.refreshContext(SpringApplication.java:456) ~[spring-boot-3.3.4.jar:3.3.4]
	at org.springframework.boot.SpringApplication.run(SpringApplication.java:335) ~[spring-boot-3.3.4.jar:3.3.4]
	at org.springframework.boot.SpringApplication.run(SpringApplication.java:1363) ~[spring-boot-3.3.4.jar:3.3.4]
	at org.springframework.boot.SpringApplication.run(SpringApplication.java:1352) ~[spring-boot-3.3.4.jar:3.3.4]
	at flat.api_gateway.ApiGatewayApplication.main(ApiGatewayApplication.java:11) ~[classes/:na]
	at java.base/jdk.internal.reflect.DirectMethodHandleAccessor.invoke(DirectMethodHandleAccessor.java:103) ~[na:na]
	at java.base/java.lang.reflect.Method.invoke(Method.java:580) ~[na:na]
	at org.springframework.boot.devtools.restart.RestartLauncher.run(RestartLauncher.java:50) ~[spring-boot-devtools-3.3.4.jar:3.3.4]

2024-10-10T21:13:46.888+05:30 DEBUG 724 --- [api-gateway] [restartedMain] o.s.c.g.r.RouteDefinitionRouteLocator    : RouteDefinition ReactiveCompositeDiscoveryClient_INDIVIDUAL-EXPENSE-SERVICE applying {pattern=/individual-expense-service/**} to Path
2024-10-10T21:13:46.891+05:30 DEBUG 724 --- [api-gateway] [restartedMain] o.s.c.g.r.RouteDefinitionRouteLocator    : RouteDefinition ReactiveCompositeDiscoveryClient_INDIVIDUAL-EXPENSE-SERVICE applying filter {regexp=/individual-expense-service/?(?<remaining>.*), replacement=/${remaining}} to RewritePath
2024-10-10T21:13:46.894+05:30 DEBUG 724 --- [api-gateway] [restartedMain] o.s.c.g.r.RouteDefinitionRouteLocator    : RouteDefinition matched: ReactiveCompositeDiscoveryClient_INDIVIDUAL-EXPENSE-SERVICE
2024-10-10T21:13:46.895+05:30 DEBUG 724 --- [api-gateway] [restartedMain] o.s.c.g.r.RouteDefinitionRouteLocator    : RouteDefinition ReactiveCompositeDiscoveryClient_TENANT-SERVICE applying {pattern=/tenant-service/**} to Path
2024-10-10T21:13:46.899+05:30 DEBUG 724 --- [api-gateway] [restartedMain] o.s.c.g.r.RouteDefinitionRouteLocator    : RouteDefinition ReactiveCompositeDiscoveryClient_TENANT-SERVICE applying filter {regexp=/tenant-service/?(?<remaining>.*), replacement=/${remaining}} to RewritePath
2024-10-10T21:13:46.905+05:30 DEBUG 724 --- [api-gateway] [restartedMain] o.s.c.g.r.RouteDefinitionRouteLocator    : RouteDefinition matched: ReactiveCompositeDiscoveryClient_TENANT-SERVICE
2024-10-10T21:13:46.907+05:30 DEBUG 724 --- [api-gateway] [restartedMain] o.s.c.g.r.RouteDefinitionRouteLocator    : RouteDefinition ReactiveCompositeDiscoveryClient_EXPENSE-SERVICE applying {pattern=/expense-service/**} to Path
2024-10-10T21:13:46.947+05:30 DEBUG 724 --- [api-gateway] [restartedMain] o.s.c.g.r.RouteDefinitionRouteLocator    : RouteDefinition ReactiveCompositeDiscoveryClient_EXPENSE-SERVICE applying filter {regexp=/expense-service/?(?<remaining>.*), replacement=/${remaining}} to RewritePath
2024-10-10T21:13:46.952+05:30 DEBUG 724 --- [api-gateway] [restartedMain] o.s.c.g.r.RouteDefinitionRouteLocator    : RouteDefinition matched: ReactiveCompositeDiscoveryClient_EXPENSE-SERVICE
2024-10-10T21:13:46.966+05:30  WARN 724 --- [api-gateway] [restartedMain] onfigReactiveWebServerApplicationContext : Exception encountered during context initialization - cancelling refresh attempt: org.springframework.context.ApplicationContextException: Failed to start bean 'eurekaAutoServiceRegistration'
2024-10-10T21:13:47.060+05:30  INFO 724 --- [api-gateway] [restartedMain] com.netflix.discovery.DiscoveryClient    : Shutting down DiscoveryClient ...
2024-10-10T21:13:50.071+05:30  INFO 724 --- [api-gateway] [restartedMain] com.netflix.discovery.DiscoveryClient    : Unregistering ...
2024-10-10T21:13:50.073+05:30 DEBUG 724 --- [api-gateway] [restartedMain] o.s.web.client.RestTemplate              : HTTP DELETE http://localhost:8761/eureka/apps/API-GATEWAY/DESKTOP-TKCJKN0.domain.name:api-gateway:8080
2024-10-10T21:13:50.074+05:30 DEBUG 724 --- [api-gateway] [restartedMain] o.s.web.client.RestTemplate              : Accept=[application/json, application/*+json]
2024-10-10T21:13:50.091+05:30 DEBUG 724 --- [api-gateway] [restartedMain] o.s.web.client.RestTemplate              : Response 200 OK
2024-10-10T21:13:50.092+05:30  INFO 724 --- [api-gateway] [restartedMain] com.netflix.discovery.DiscoveryClient    : DiscoveryClient_API-GATEWAY/DESKTOP-TKCJKN0.domain.name:api-gateway:8080 - deregister  status: 200
2024-10-10T21:13:50.093+05:30  INFO 724 --- [api-gateway] [restartedMain] com.netflix.discovery.DiscoveryClient    : Completed shut down of DiscoveryClient
2024-10-10T21:13:50.123+05:30  INFO 724 --- [api-gateway] [restartedMain] .s.b.a.l.ConditionEvaluationReportLogger : 

Error starting ApplicationContext. To display the condition evaluation report re-run your application with 'debug' enabled.
2024-10-10T21:13:50.184+05:30 ERROR 724 --- [api-gateway] [restartedMain] o.s.boot.SpringApplication               : Application run failed

org.springframework.context.ApplicationContextException: Failed to start bean 'eurekaAutoServiceRegistration'
	at org.springframework.context.support.DefaultLifecycleProcessor.doStart(DefaultLifecycleProcessor.java:288) ~[spring-context-6.1.13.jar:6.1.13]
	at org.springframework.context.support.DefaultLifecycleProcessor$LifecycleGroup.start(DefaultLifecycleProcessor.java:472) ~[spring-context-6.1.13.jar:6.1.13]
	at java.base/java.lang.Iterable.forEach(Iterable.java:75) ~[na:na]
	at org.springframework.context.support.DefaultLifecycleProcessor.startBeans(DefaultLifecycleProcessor.java:257) ~[spring-context-6.1.13.jar:6.1.13]
	at org.springframework.context.support.DefaultLifecycleProcessor.onRefresh(DefaultLifecycleProcessor.java:202) ~[spring-context-6.1.13.jar:6.1.13]
	at org.springframework.context.support.AbstractApplicationContext.finishRefresh(AbstractApplicationContext.java:990) ~[spring-context-6.1.13.jar:6.1.13]
	at org.springframework.context.support.AbstractApplicationContext.refresh(AbstractApplicationContext.java:628) ~[spring-context-6.1.13.jar:6.1.13]
	at org.springframework.boot.web.reactive.context.ReactiveWebServerApplicationContext.refresh(ReactiveWebServerApplicationContext.java:66) ~[spring-boot-3.3.4.jar:3.3.4]
	at org.springframework.boot.SpringApplication.refresh(SpringApplication.java:754) ~[spring-boot-3.3.4.jar:3.3.4]
	at org.springframework.boot.SpringApplication.refreshContext(SpringApplication.java:456) ~[spring-boot-3.3.4.jar:3.3.4]
	at org.springframework.boot.SpringApplication.run(SpringApplication.java:335) ~[spring-boot-3.3.4.jar:3.3.4]
	at org.springframework.boot.SpringApplication.run(SpringApplication.java:1363) ~[spring-boot-3.3.4.jar:3.3.4]
	at org.springframework.boot.SpringApplication.run(SpringApplication.java:1352) ~[spring-boot-3.3.4.jar:3.3.4]
	at flat.api_gateway.ApiGatewayApplication.main(ApiGatewayApplication.java:11) ~[classes/:na]
	at java.base/jdk.internal.reflect.DirectMethodHandleAccessor.invoke(DirectMethodHandleAccessor.java:103) ~[na:na]
	at java.base/java.lang.reflect.Method.invoke(Method.java:580) ~[na:na]
	at org.springframework.boot.devtools.restart.RestartLauncher.run(RestartLauncher.java:50) ~[spring-boot-devtools-3.3.4.jar:3.3.4]
Caused by: java.lang.IllegalArgumentException: Unable to find RoutePredicateFactory with name path
	at org.springframework.cloud.gateway.route.RouteDefinitionRouteLocator.lookup(RouteDefinitionRouteLocator.java:219) ~[spring-cloud-gateway-server-4.1.5.jar:4.1.5]
	at org.springframework.cloud.gateway.route.RouteDefinitionRouteLocator.combinePredicates(RouteDefinitionRouteLocator.java:205) ~[spring-cloud-gateway-server-4.1.5.jar:4.1.5]
	at org.springframework.cloud.gateway.route.RouteDefinitionRouteLocator.convertToRoute(RouteDefinitionRouteLocator.java:131) ~[spring-cloud-gateway-server-4.1.5.jar:4.1.5]
	at reactor.core.publisher.FluxMap$MapSubscriber.onNext(FluxMap.java:106) ~[reactor-core-3.6.10.jar:3.6.10]
	at reactor.core.publisher.FluxFlatMap$FlatMapMain.tryEmitScalar(FluxFlatMap.java:492) ~[reactor-core-3.6.10.jar:3.6.10]
	at reactor.core.publisher.FluxFlatMap$FlatMapMain.onNext(FluxFlatMap.java:424) ~[reactor-core-3.6.10.jar:3.6.10]
	at reactor.core.publisher.FluxMergeSequential$MergeSequentialMain.drain(FluxMergeSequential.java:439) ~[reactor-core-3.6.10.jar:3.6.10]
	at reactor.core.publisher.FluxMergeSequential$MergeSequentialMain.innerComplete(FluxMergeSequential.java:335) ~[reactor-core-3.6.10.jar:3.6.10]
	at reactor.core.publisher.FluxMergeSequential$MergeSequentialInner.onSubscribe(FluxMergeSequential.java:559) ~[reactor-core-3.6.10.jar:3.6.10]
	at reactor.core.publisher.FluxIterable.subscribe(FluxIterable.java:201) ~[reactor-core-3.6.10.jar:3.6.10]
	at reactor.core.publisher.FluxIterable.subscribe(FluxIterable.java:83) ~[reactor-core-3.6.10.jar:3.6.10]
	at reactor.core.publisher.Flux.subscribe(Flux.java:8848) ~[reactor-core-3.6.10.jar:3.6.10]
	at reactor.core.publisher.FluxMergeSequential$MergeSequentialMain.onNext(FluxMergeSequential.java:237) ~[reactor-core-3.6.10.jar:3.6.10]
	at reactor.core.publisher.FluxIterable$IterableSubscription.slowPath(FluxIterable.java:335) ~[reactor-core-3.6.10.jar:3.6.10]
	at reactor.core.publisher.FluxIterable$IterableSubscription.request(FluxIterable.java:294) ~[reactor-core-3.6.10.jar:3.6.10]
	at reactor.core.publisher.FluxMergeSequential$MergeSequentialMain.onSubscribe(FluxMergeSequential.java:198) ~[reactor-core-3.6.10.jar:3.6.10]
	at reactor.core.publisher.FluxIterable.subscribe(FluxIterable.java:201) ~[reactor-core-3.6.10.jar:3.6.10]
	at reactor.core.publisher.FluxIterable.subscribe(FluxIterable.java:83) ~[reactor-core-3.6.10.jar:3.6.10]
	at reactor.core.publisher.Flux.subscribe(Flux.java:8848) ~[reactor-core-3.6.10.jar:3.6.10]
	at reactor.core.publisher.FluxMergeSequential$MergeSequentialMain.onNext(FluxMergeSequential.java:237) ~[reactor-core-3.6.10.jar:3.6.10]
	at reactor.core.publisher.FluxIterable$IterableSubscription.slowPath(FluxIterable.java:335) ~[reactor-core-3.6.10.jar:3.6.10]
	at reactor.core.publisher.FluxIterable$IterableSubscription.request(FluxIterable.java:294) ~[reactor-core-3.6.10.jar:3.6.10]
	at reactor.core.publisher.FluxMergeSequential$MergeSequentialMain.onSubscribe(FluxMergeSequential.java:198) ~[reactor-core-3.6.10.jar:3.6.10]
	at reactor.core.publisher.FluxIterable.subscribe(FluxIterable.java:201) ~[reactor-core-3.6.10.jar:3.6.10]
	at reactor.core.publisher.FluxIterable.subscribe(FluxIterable.java:83) ~[reactor-core-3.6.10.jar:3.6.10]
	at reactor.core.publisher.InternalFluxOperator.subscribe(InternalFluxOperator.java:68) ~[reactor-core-3.6.10.jar:3.6.10]
	at reactor.core.publisher.FluxDefer.subscribe(FluxDefer.java:54) ~[reactor-core-3.6.10.jar:3.6.10]
	at reactor.core.publisher.Flux.subscribe(Flux.java:8848) ~[reactor-core-3.6.10.jar:3.6.10]
	at reactor.core.publisher.Flux.blockLast(Flux.java:2816) ~[reactor-core-3.6.10.jar:3.6.10]
	at org.springframework.cloud.gateway.filter.WeightCalculatorWebFilter.lambda$onApplicationEvent$3(WeightCalculatorWebFilter.java:156) ~[spring-cloud-gateway-server-4.1.5.jar:4.1.5]
	at org.springframework.beans.factory.support.DefaultListableBeanFactory$DependencyObjectProvider.ifAvailable(DefaultListableBeanFactory.java:2126) ~[spring-beans-6.1.13.jar:6.1.13]
	at org.springframework.cloud.gateway.filter.WeightCalculatorWebFilter.onApplicationEvent(WeightCalculatorWebFilter.java:156) ~[spring-cloud-gateway-server-4.1.5.jar:4.1.5]
	at org.springframework.context.event.SimpleApplicationEventMulticaster.doInvokeListener(SimpleApplicationEventMulticaster.java:185) ~[spring-context-6.1.13.jar:6.1.13]
	at org.springframework.context.event.SimpleApplicationEventMulticaster.invokeListener(SimpleApplicationEventMulticaster.java:178) ~[spring-context-6.1.13.jar:6.1.13]
	at org.springframework.context.event.SimpleApplicationEventMulticaster.multicastEvent(SimpleApplicationEventMulticaster.java:156) ~[spring-context-6.1.13.jar:6.1.13]
	at org.springframework.context.support.AbstractApplicationContext.publishEvent(AbstractApplicationContext.java:452) ~[spring-context-6.1.13.jar:6.1.13]
	at org.springframework.context.support.AbstractApplicationContext.publishEvent(AbstractApplicationContext.java:385) ~[spring-context-6.1.13.jar:6.1.13]
	at org.springframework.cloud.gateway.route.RouteRefreshListener.reset(RouteRefreshListener.java:73) ~[spring-cloud-gateway-server-4.1.5.jar:4.1.5]
	at org.springframework.cloud.gateway.route.RouteRefreshListener.onApplicationEvent(RouteRefreshListener.java:54) ~[spring-cloud-gateway-server-4.1.5.jar:4.1.5]
	at org.springframework.context.event.SimpleApplicationEventMulticaster.doInvokeListener(SimpleApplicationEventMulticaster.java:185) ~[spring-context-6.1.13.jar:6.1.13]
	at org.springframework.context.event.SimpleApplicationEventMulticaster.invokeListener(SimpleApplicationEventMulticaster.java:178) ~[spring-context-6.1.13.jar:6.1.13]
	at org.springframework.context.event.SimpleApplicationEventMulticaster.multicastEvent(SimpleApplicationEventMulticaster.java:156) ~[spring-context-6.1.13.jar:6.1.13]
	at org.springframework.context.support.AbstractApplicationContext.publishEvent(AbstractApplicationContext.java:452) ~[spring-context-6.1.13.jar:6.1.13]
	at org.springframework.context.support.AbstractApplicationContext.publishEvent(AbstractApplicationContext.java:385) ~[spring-context-6.1.13.jar:6.1.13]
	at org.springframework.cloud.netflix.eureka.serviceregistry.EurekaAutoServiceRegistration.start(EurekaAutoServiceRegistration.java:91) ~[spring-cloud-netflix-eureka-client-4.1.3.jar:4.1.3]
	at org.springframework.context.support.DefaultLifecycleProcessor.doStart(DefaultLifecycleProcessor.java:285) ~[spring-context-6.1.13.jar:6.1.13]
	... 16 common frames omitted
	Suppressed: java.lang.Exception: #block terminated with an error
		at reactor.core.publisher.BlockingSingleSubscriber.blockingGet(BlockingSingleSubscriber.java:104) ~[reactor-core-3.6.10.jar:3.6.10]
		at reactor.core.publisher.Flux.blockLast(Flux.java:2817) ~[reactor-core-3.6.10.jar:3.6.10]
		... 33 common frames omitted

